[2026-06-07 12:01:24] Instalando Apache...

WARNING: apt does not have a stable CLI interface. Use with caution in scripts.

Reading package lists...
Building dependency tree...
Reading state information...
apache2 is already the newest version (2.4.52-1ubuntu4.21).
0 upgraded, 0 newly installed, 0 to remove and 0 not upgraded.
[OK] Apache instalado.
[OK] Apache está em execução.
[INFO] Versão instalada: Server version: Apache/2.4.52 (Ubuntu)
[2026-06-07 15:13:29] Instalando Apache...

WARNING: apt does not have a stable CLI interface. Use with caution in scripts.

Reading package lists...
Building dependency tree...
Reading state information...
apache2 is already the newest version (2.4.52-1ubuntu4.21).
0 upgraded, 0 newly installed, 0 to remove and 0 not upgraded.
[OK] Apache instalado.
[OK] Apache está em execução.
[INFO] Versão instalada: Server version: Apache/2.4.52 (Ubuntu)
